<?xml version="1.0" encoding="UTF-8"?>
<!-- Generated by org.testng.reporters.JUnitReportReporter -->
<testsuite hostname="appdevmc" name="org.devopspy.service.TaskServiceIntegrationTest" tests="1" failures="1" timestamp="16 Jul 2013 15:33:38 GMT" time="0.002" errors="0">
  <testcase name="testAffectTask" time="0.002" classname="org.devopspy.service.TaskServiceIntegrationTest">
    <failure type="java.lang.IllegalStateException" message="Failed to load ApplicationContext">
      <![CDATA[java.lang.IllegalStateException: Failed to load ApplicationContext
	at org.springframework.test.context.CacheAwareContextLoaderDelegate.loadContext(CacheAwareContextLoaderDelegate.java:99)
	at org.springframework.test.context.TestContext.getApplicationContext(TestContext.java:122)
	at org.springframework.test.context.support.DependencyInjectionTestExecutionListener.injectDependencies(DependencyInjectionTestExecutionListener.java:109)
	at org.springframework.test.context.support.DependencyInjectionTestExecutionListener.prepareTestInstance(DependencyInjectionTestExecutionListener.java:75)
	at org.springframework.test.context.TestContextManager.prepareTestInstance(TestContextManager.java:312)
	at org.springframework.test.context.testng.AbstractTestNGSpringContextTests.springTestContextPrepareTestInstance(AbstractTestNGSpringContextTests.java:130)
	at sun.reflect.NativeMethodAccessorImpl.invoke0(Native Method)
	at sun.reflect.NativeMethodAccessorImpl.invoke(NativeMethodAccessorImpl.java:39)
	at sun.reflect.DelegatingMethodAccessorImpl.invoke(DelegatingMethodAccessorImpl.java:25)
	at java.lang.reflect.Method.invoke(Method.java:597)
	at org.testng.internal.MethodInvocationHelper.invokeMethod(MethodInvocationHelper.java:84)
	at org.testng.internal.Invoker.invokeConfigurationMethod(Invoker.java:564)
	at org.testng.internal.Invoker.invokeConfigurations(Invoker.java:213)
	at org.testng.internal.Invoker.invokeConfigurations(Invoker.java:138)
	at org.testng.internal.TestMethodWorker.invokeBeforeClassMethods(TestMethodWorker.java:175)
	at org.testng.internal.TestMethodWorker.run(TestMethodWorker.java:107)
	at org.testng.TestRunner.privateRun(TestRunner.java:767)
	at org.testng.TestRunner.run(TestRunner.java:617)
	at org.testng.SuiteRunner.runTest(SuiteRunner.java:334)
	at org.testng.SuiteRunner.runSequentially(SuiteRunner.java:329)
	at org.testng.SuiteRunner.privateRun(SuiteRunner.java:291)
	at org.testng.SuiteRunner.run(SuiteRunner.java:240)
	at org.testng.SuiteRunnerWorker.runSuite(SuiteRunnerWorker.java:52)
	at org.testng.SuiteRunnerWorker.run(SuiteRunnerWorker.java:86)
	at org.testng.TestNG.runSuitesSequentially(TestNG.java:1224)
	at org.testng.TestNG.runSuitesLocally(TestNG.java:1149)
	at org.testng.TestNG.run(TestNG.java:1057)
	at org.testng.remote.RemoteTestNG.run(RemoteTestNG.java:111)
	at org.testng.remote.RemoteTestNG.initAndRun(RemoteTestNG.java:204)
	at org.testng.remote.RemoteTestNG.main(RemoteTestNG.java:175)
Caused by: org.springframework.beans.factory.BeanCreationException: Post Initialization of bean devOpspyProfileInitializer failed.; nested exception is java.lang.reflect.InvocationTargetException
	at org.resthub.common.util.PostInitializerRunner.onApplicationEvent(PostInitializerRunner.java:73)
	at org.springframework.context.event.SimpleApplicationEventMulticaster.multicastEvent(SimpleApplicationEventMulticaster.java:96)
	at org.springframework.context.support.AbstractApplicationContext.publishEvent(AbstractApplicationContext.java:334)
	at org.springframework.context.support.AbstractApplicationContext.finishRefresh(AbstractApplicationContext.java:948)
	at org.springframework.context.support.AbstractApplicationContext.refresh(AbstractApplicationContext.java:482)
	at org.springframework.test.context.support.AbstractGenericContextLoader.loadContext(AbstractGenericContextLoader.java:120)
	at org.springframework.test.context.support.AbstractGenericContextLoader.loadContext(AbstractGenericContextLoader.java:60)
	at org.springframework.test.context.CacheAwareContextLoaderDelegate.loadContextInternal(CacheAwareContextLoaderDelegate.java:64)
	at org.springframework.test.context.CacheAwareContextLoaderDelegate.loadContext(CacheAwareContextLoaderDelegate.java:91)
	... 29 more
Caused by: java.lang.reflect.InvocationTargetException
	at sun.reflect.NativeMethodAccessorImpl.invoke0(Native Method)
	at sun.reflect.NativeMethodAccessorImpl.invoke(NativeMethodAccessorImpl.java:39)
	at sun.reflect.DelegatingMethodAccessorImpl.invoke(DelegatingMethodAccessorImpl.java:25)
	at java.lang.reflect.Method.invoke(Method.java:597)
	at org.resthub.common.util.PostInitializerRunner.onApplicationEvent(PostInitializerRunner.java:65)
	... 37 more
Caused by: java.lang.StackOverflowError
	at java.util.HashMap.newKeyIterator(HashMap.java:840)
	at java.util.HashMap$KeySet.iterator(HashMap.java:874)
	at java.util.HashSet.iterator(HashSet.java:153)
	at java.util.AbstractSet.hashCode(AbstractSet.java:105)
	at org.devopspy.model.DevOpspyProfileGroup.hashCode(DevOpspyProfileGroup.java)
	at org.devopspy.model.DevOpspyProfile.hashCode(DevOpspyProfile.java)
	at java.util.AbstractSet.hashCode(AbstractSet.java:109)
	at org.devopspy.model.DevOpspyProfileGroup.hashCode(DevOpspyProfileGroup.java)
	at org.devopspy.model.DevOpspyProfile.hashCode(DevOpspyProfile.java)
	at java.util.AbstractSet.hashCode(AbstractSet.java:109)
	at org.devopspy.model.DevOpspyProfileGroup.hashCode(DevOpspyProfileGroup.java)
	at org.devopspy.model.DevOpspyProfile.hashCode(DevOpspyProfile.java)
	at java.util.AbstractSet.hashCode(AbstractSet.java:109)
	at org.devopspy.model.DevOpspyProfileGroup.hashCode(DevOpspyProfileGroup.java)
	at org.devopspy.model.DevOpspyProfile.hashCode(DevOpspyProfile.java)
	at java.util.AbstractSet.hashCode(AbstractSet.java:109)
	at org.devopspy.model.DevOpspyProfileGroup.hashCode(DevOpspyProfileGroup.java)
	at org.devopspy.model.DevOpspyProfile.hashCode(DevOpspyProfile.java)
	at java.util.AbstractSet.hashCode(AbstractSet.java:109)
	at org.devopspy.model.DevOpspyProfileGroup.hashCode(DevOpspyProfileGroup.java)
	at org.devopspy.model.DevOpspyProfile.hashCode(DevOpspyProfile.java)
	at java.util.AbstractSet.hashCode(AbstractSet.java:109)
	at org.devopspy.model.DevOpspyProfileGroup.hashCode(DevOpspyProfileGroup.java)
	at org.devopspy.model.DevOpspyProfile.hashCode(DevOpspyProfile.java)
	at java.util.AbstractSet.hashCode(AbstractSet.java:109)
	at org.devopspy.model.DevOpspyProfileGroup.hashCode(DevOpspyProfileGroup.java)
	at org.devopspy.model.DevOpspyProfile.hashCode(DevOpspyProfile.java)
	at java.util.AbstractSet.hashCode(AbstractSet.java:109)
	at org.devopspy.model.DevOpspyProfileGroup.hashCode(DevOpspyProfileGroup.java)
	at org.devopspy.model.DevOpspyProfile.hashCode(DevOpspyProfile.java)
	at java.util.AbstractSet.hashCode(AbstractSet.java:109)
	at org.devopspy.model.DevOpspyProfileGroup.hashCode(DevOpspyProfileGroup.java)
	at org.devopspy.model.DevOpspyProfile.hashCode(DevOpspyProfile.java)
	at java.util.AbstractSet.hashCode(AbstractSet.java:109)
	at org.devopspy.model.DevOpspyProfileGroup.hashCode(DevOpspyProfileGroup.java)
	at org.devopspy.model.DevOpspyProfile.hashCode(DevOpspyProfile.java)
	at java.util.AbstractSet.hashCode(AbstractSet.java:109)
	at org.devopspy.model.DevOpspyProfileGroup.hashCode(DevOpspyProfileGroup.java)
	at org.devopspy.model.DevOpspyProfile.hashCode(DevOpspyProfile.java)
	at java.util.AbstractSet.hashCode(AbstractSet.java:109)
	at org.devopspy.model.DevOpspyProfileGroup.hashCode(DevOpspyProfileGroup.java)
	at org.devopspy.model.DevOpspyProfile.hashCode(DevOpspyProfile.java)
	at java.util.AbstractSet.hashCode(AbstractSet.java:109)
	at org.devopspy.model.DevOpspyProfileGroup.hashCode(DevOpspyProfileGroup.java)
	at org.devopspy.model.DevOpspyProfile.hashCode(DevOpspyProfile.java)
	at java.util.AbstractSet.hashCode(AbstractSet.java:109)
	at org.devopspy.model.DevOpspyProfileGroup.hashCode(DevOpspyProfileGroup.java)
	at org.devopspy.model.DevOpspyProfile.hashCode(DevOpspyProfile.java)
	at java.util.AbstractSet.hashCode(AbstractSet.java:109)
	at org.devopspy.model.DevOpspyProfileGroup.hashCode(DevOpspyProfileGroup.java)
	at org.devopspy.model.DevOpspyProfile.hashCode(DevOpspyProfile.java)
	at java.util.AbstractSet.hashCode(AbstractSet.java:109)
	at org.devopspy.model.DevOpspyProfileGroup.hashCode(DevOpspyProfileGroup.java)
	at org.devopspy.model.DevOpspyProfile.hashCode(DevOpspyProfile.java)
	at java.util.AbstractSet.hashCode(AbstractSet.java:109)
	at org.devopspy.model.DevOpspyProfileGroup.hashCode(DevOpspyProfileGroup.java)
	at org.devopspy.model.DevOpspyProfile.hashCode(DevOpspyProfile.java)
	at java.util.AbstractSet.hashCode(AbstractSet.java:109)
	at org.devopspy.model.DevOpspyProfileGroup.hashCode(DevOpspyProfileGroup.java)
	at org.devopspy.model.DevOpspyProfile.hashCode(DevOpspyProfile.java)
	at java.util.AbstractSet.hashCode(AbstractSet.java:109)
	at org.devopspy.model.DevOpspyProfileGroup.hashCode(DevOpspyProfileGroup.java)
	at org.devopspy.model.DevOpspyProfile.hashCode(DevOpspyProfile.java)
	at java.util.AbstractSet.hashCode(AbstractSet.java:109)
	at org.devopspy.model.DevOpspyProfileGroup.hashCode(DevOpspyProfileGroup.java)
	at org.devopspy.model.DevOpspyProfile.hashCode(DevOpspyProfile.java)
	at java.util.AbstractSet.hashCode(AbstractSet.java:109)
	at org.devopspy.model.DevOpspyProfileGroup.hashCode(DevOpspyProfileGroup.java)
	at org.devopspy.model.DevOpspyProfile.hashCode(DevOpspyProfile.java)
	at java.util.AbstractSet.hashCode(AbstractSet.java:109)
	at org.devopspy.model.DevOpspyProfileGroup.hashCode(DevOpspyProfileGroup.java)
	at org.devopspy.model.DevOpspyProfile.hashCode(DevOpspyProfile.java)
	at java.util.AbstractSet.hashCode(AbstractSet.java:109)
	at org.devopspy.model.DevOpspyProfileGroup.hashCode(DevOpspyProfileGroup.java)
	at org.devopspy.model.DevOpspyProfile.hashCode(DevOpspyProfile.java)
	at java.util.AbstractSet.hashCode(AbstractSet.java:109)
	at org.devopspy.model.DevOpspyProfileGroup.hashCode(DevOpspyProfileGroup.java)
	at org.devopspy.model.DevOpspyProfile.hashCode(DevOpspyProfile.java)
	at java.util.AbstractSet.hashCode(AbstractSet.java:109)
	at org.devopspy.model.DevOpspyProfileGroup.hashCode(DevOpspyProfileGroup.java)
	at org.devopspy.model.DevOpspyProfile.hashCode(DevOpspyProfile.java)
	at java.util.AbstractSet.hashCode(AbstractSet.java:109)
	at org.devopspy.model.DevOpspyProfileGroup.hashCode(DevOpspyProfileGroup.java)
	at org.devopspy.model.DevOpspyProfile.hashCode(DevOpspyProfile.java)
	at java.util.AbstractSet.hashCode(AbstractSet.java:109)
	at org.devopspy.model.DevOpspyProfileGroup.hashCode(DevOpspyProfileGroup.java)
	at org.devopspy.model.DevOpspyProfile.hashCode(DevOpspyProfile.java)
	at java.util.AbstractSet.hashCode(AbstractSet.java:109)
	at org.devopspy.model.DevOpspyProfileGroup.hashCode(DevOpspyProfileGroup.java)
	at org.devopspy.model.DevOpspyProfile.hashCode(DevOpspyProfile.java)
	at java.util.AbstractSet.hashCode(AbstractSet.java:109)
	at org.devopspy.model.DevOpspyProfileGroup.hashCode(DevOpspyProfileGroup.java)
	at org.devopspy.model.DevOpspyProfile.hashCode(DevOpspyProfile.java)
	at java.util.AbstractSet.hashCode(AbstractSet.java:109)
	at org.devopspy.model.DevOpspyProfileGroup.hashCode(DevOpspyProfileGroup.java)
	at org.devopspy.model.DevOpspyProfile.hashCode(DevOpspyProfile.java)
	at java.util.AbstractSet.hashCode(AbstractSet.java:109)
	at org.devopspy.model.DevOpspyProfileGroup.hashCode(DevOpspyProfileGroup.java)
	at org.devopspy.model.DevOpspyProfile.hashCode(DevOpspyProfile.java)
	at java.util.AbstractSet.hashCode(AbstractSet.java:109)
	at org.devopspy.model.DevOpspyProfileGroup.hashCode(DevOpspyProfileGroup.java)
	at org.devopspy.model.DevOpspyProfile.hashCode(DevOpspyProfile.java)
	at java.util.AbstractSet.hashCode(AbstractSet.java:109)
	at org.devopspy.model.DevOpspyProfileGroup.hashCode(DevOpspyProfileGroup.java)
	at org.devopspy.model.DevOpspyProfile.hashCode(DevOpspyProfile.java)
	at java.util.AbstractSet.hashCode(AbstractSet.java:109)
	at org.devopspy.model.DevOpspyProfileGroup.hashCode(DevOpspyProfileGroup.java)
	at org.devopspy.model.DevOpspyProfile.hashCode(DevOpspyProfile.java)
	at java.util.AbstractSet.hashCode(AbstractSet.java:109)
	at org.devopspy.model.DevOpspyProfileGroup.hashCode(DevOpspyProfileGroup.java)
	at org.devopspy.model.DevOpspyProfile.hashCode(DevOpspyProfile.java)
	at java.util.AbstractSet.hashCode(AbstractSet.java:109)
	at org.devopspy.model.DevOpspyProfileGroup.hashCode(DevOpspyProfileGroup.java)
	at org.devopspy.model.DevOpspyProfile.hashCode(DevOpspyProfile.java)
	at java.util.AbstractSet.hashCode(AbstractSet.java:109)
	at org.devopspy.model.DevOpspyProfileGroup.hashCode(DevOpspyProfileGroup.java)
	at org.devopspy.model.DevOpspyProfile.hashCode(DevOpspyProfile.java)
	at java.util.AbstractSet.hashCode(AbstractSet.java:109)
	at org.devopspy.model.DevOpspyProfileGroup.hashCode(DevOpspyProfileGroup.java)
	at org.devopspy.model.DevOpspyProfile.hashCode(DevOpspyProfile.java)
	at java.util.AbstractSet.hashCode(AbstractSet.java:109)
	at org.devopspy.model.DevOpspyProfileGroup.hashCode(DevOpspyProfileGroup.java)
	at org.devopspy.model.DevOpspyProfile.hashCode(DevOpspyProfile.java)
	at java.util.AbstractSet.hashCode(AbstractSet.java:109)
	at org.devopspy.model.DevOpspyProfileGroup.hashCode(DevOpspyProfileGroup.java)
	at org.devopspy.model.DevOpspyProfile.hashCode(DevOpspyProfile.java)
	at java.util.AbstractSet.hashCode(AbstractSet.java:109)
	at org.devopspy.model.DevOpspyProfileGroup.hashCode(DevOpspyProfileGroup.java)
	at org.devopspy.model.DevOpspyProfile.hashCode(DevOpspyProfile.java)
	at java.util.AbstractSet.hashCode(AbstractSet.java:109)
	at org.devopspy.model.DevOpspyProfileGroup.hashCode(DevOpspyProfileGroup.java)
	at org.devopspy.model.DevOpspyProfile.hashCode(DevOpspyProfile.java)
	at java.util.AbstractSet.hashCode(AbstractSet.java:109)
	at org.devopspy.model.DevOpspyProfileGroup.hashCode(DevOpspyProfileGroup.java)
	at org.devopspy.model.DevOpspyProfile.hashCode(DevOpspyProfile.java)
	at java.util.AbstractSet.hashCode(AbstractSet.java:109)
	at org.devopspy.model.DevOpspyProfileGroup.hashCode(DevOpspyProfileGroup.java)
	at org.devopspy.model.DevOpspyProfile.hashCode(DevOpspyProfile.java)
	at java.util.AbstractSet.hashCode(AbstractSet.java:109)
	at org.devopspy.model.DevOpspyProfileGroup.hashCode(DevOpspyProfileGroup.java)
	at org.devopspy.model.DevOpspyProfile.hashCode(DevOpspyProfile.java)
	at java.util.AbstractSet.hashCode(AbstractSet.java:109)
	at org.devopspy.model.DevOpspyProfileGroup.hashCode(DevOpspyProfileGroup.java)
	at org.devopspy.model.DevOpspyProfile.hashCode(DevOpspyProfile.java)
	at java.util.AbstractSet.hashCode(AbstractSet.java:109)
	at org.devopspy.model.DevOpspyProfileGroup.hashCode(DevOpspyProfileGroup.java)
	at org.devopspy.model.DevOpspyProfile.hashCode(DevOpspyProfile.java)
	at java.util.AbstractSet.hashCode(AbstractSet.java:109)
	at org.devopspy.model.DevOpspyProfileGroup.hashCode(DevOpspyProfileGroup.java)
	at org.devopspy.model.DevOpspyProfile.hashCode(DevOpspyProfile.java)
	at java.util.AbstractSet.hashCode(AbstractSet.java:109)
	at org.devopspy.model.DevOpspyProfileGroup.hashCode(DevOpspyProfileGroup.java)
	at org.devopspy.model.DevOpspyProfile.hashCode(DevOpspyProfile.java)
	at java.util.AbstractSet.hashCode(AbstractSet.java:109)
	at org.devopspy.model.DevOpspyProfileGroup.hashCode(DevOpspyProfileGroup.java)
	at org.devopspy.model.DevOpspyProfile.hashCode(DevOpspyProfile.java)
	at java.util.AbstractSet.hashCode(AbstractSet.java:109)
	at org.devopspy.model.DevOpspyProfileGroup.hashCode(DevOpspyProfileGroup.java)
	at org.devopspy.model.DevOpspyProfile.hashCode(DevOpspyProfile.java)
	at java.util.AbstractSet.hashCode(AbstractSet.java:109)
	at org.devopspy.model.DevOpspyProfileGroup.hashCode(DevOpspyProfileGroup.java)
	at org.devopspy.model.DevOpspyProfile.hashCode(DevOpspyProfile.java)
	at java.util.AbstractSet.hashCode(AbstractSet.java:109)
	at org.devopspy.model.DevOpspyProfileGroup.hashCode(DevOpspyProfileGroup.java)
	at org.devopspy.model.DevOpspyProfile.hashCode(DevOpspyProfile.java)
	at java.util.AbstractSet.hashCode(AbstractSet.java:109)
	at org.devopspy.model.DevOpspyProfileGroup.hashCode(DevOpspyProfileGroup.java)
	at org.devopspy.model.DevOpspyProfile.hashCode(DevOpspyProfile.java)
	at java.util.AbstractSet.hashCode(AbstractSet.java:109)
	at org.devopspy.model.DevOpspyProfileGroup.hashCode(DevOpspyProfileGroup.java)
	at org.devopspy.model.DevOpspyProfile.hashCode(DevOpspyProfile.java)
	at java.util.AbstractSet.hashCode(AbstractSet.java:109)
	at org.devopspy.model.DevOpspyProfileGroup.hashCode(DevOpspyProfileGroup.java)
	at org.devopspy.model.DevOpspyProfile.hashCode(DevOpspyProfile.java)
	at java.util.AbstractSet.hashCode(AbstractSet.java:109)
	at org.devopspy.model.DevOpspyProfileGroup.hashCode(DevOpspyProfileGroup.java)
	at org.devopspy.model.DevOpspyProfile.hashCode(DevOpspyProfile.java)
	at java.util.AbstractSet.hashCode(AbstractSet.java:109)
	at org.devopspy.model.DevOpspyProfileGroup.hashCode(DevOpspyProfileGroup.java)
	at org.devopspy.model.DevOpspyProfile.hashCode(DevOpspyProfile.java)
	at java.util.AbstractSet.hashCode(AbstractSet.java:109)
	at org.devopspy.model.DevOpspyProfileGroup.hashCode(DevOpspyProfileGroup.java)
	at org.devopspy.model.DevOpspyProfile.hashCode(DevOpspyProfile.java)
	at java.util.AbstractSet.hashCode(AbstractSet.java:109)
	at org.devopspy.model.DevOpspyProfileGroup.hashCode(DevOpspyProfileGroup.java)
	at org.devopspy.model.DevOpspyProfile.hashCode(DevOpspyProfile.java)
	at java.util.AbstractSet.hashCode(AbstractSet.java:109)
	at org.devopspy.model.DevOpspyProfileGroup.hashCode(DevOpspyProfileGroup.java)
	at org.devopspy.model.DevOpspyProfile.hashCode(DevOpspyProfile.java)
	at java.util.AbstractSet.hashCode(AbstractSet.java:109)
	at org.devopspy.model.DevOpspyProfileGroup.hashCode(DevOpspyProfileGroup.java)
	at org.devopspy.model.DevOpspyProfile.hashCode(DevOpspyProfile.java)
	at java.util.AbstractSet.hashCode(AbstractSet.java:109)
	at org.devopspy.model.DevOpspyProfileGroup.hashCode(DevOpspyProfileGroup.java)
	at org.devopspy.model.DevOpspyProfile.hashCode(DevOpspyProfile.java)
	at java.util.AbstractSet.hashCode(AbstractSet.java:109)
	at org.devopspy.model.DevOpspyProfileGroup.hashCode(DevOpspyProfileGroup.java)
	at org.devopspy.model.DevOpspyProfile.hashCode(DevOpspyProfile.java)
	at java.util.AbstractSet.hashCode(AbstractSet.java:109)
	at org.devopspy.model.DevOpspyProfileGroup.hashCode(DevOpspyProfileGroup.java)
	at org.devopspy.model.DevOpspyProfile.hashCode(DevOpspyProfile.java)
	at java.util.AbstractSet.hashCode(AbstractSet.java:109)
	at org.devopspy.model.DevOpspyProfileGroup.hashCode(DevOpspyProfileGroup.java)
	at org.devopspy.model.DevOpspyProfile.hashCode(DevOpspyProfile.java)
	at java.util.AbstractSet.hashCode(AbstractSet.java:109)
	at org.devopspy.model.DevOpspyProfileGroup.hashCode(DevOpspyProfileGroup.java)
	at org.devopspy.model.DevOpspyProfile.hashCode(DevOpspyProfile.java)
	at java.util.AbstractSet.hashCode(AbstractSet.java:109)
	at org.devopspy.model.DevOpspyProfileGroup.hashCode(DevOpspyProfileGroup.java)
	at org.devopspy.model.DevOpspyProfile.hashCode(DevOpspyProfile.java)
	at java.util.AbstractSet.hashCode(AbstractSet.java:109)
	at org.devopspy.model.DevOpspyProfileGroup.hashCode(DevOpspyProfileGroup.java)
	at org.devopspy.model.DevOpspyProfile.hashCode(DevOpspyProfile.java)
	at java.util.AbstractSet.hashCode(AbstractSet.java:109)
	at org.devopspy.model.DevOpspyProfileGroup.hashCode(DevOpspyProfileGroup.java)
	at org.devopspy.model.DevOpspyProfile.hashCode(DevOpspyProfile.java)
	at java.util.AbstractSet.hashCode(AbstractSet.java:109)
	at org.devopspy.model.DevOpspyProfileGroup.hashCode(DevOpspyProfileGroup.java)
	at org.devopspy.model.DevOpspyProfile.hashCode(DevOpspyProfile.java)
	at java.util.AbstractSet.hashCode(AbstractSet.java:109)
	at org.devopspy.model.DevOpspyProfileGroup.hashCode(DevOpspyProfileGroup.java)
	at org.devopspy.model.DevOpspyProfile.hashCode(DevOpspyProfile.java)
	at java.util.AbstractSet.hashCode(AbstractSet.java:109)
	at org.devopspy.model.DevOpspyProfileGroup.hashCode(DevOpspyProfileGroup.java)
	at org.devopspy.model.DevOpspyProfile.hashCode(DevOpspyProfile.java)
	at java.util.AbstractSet.hashCode(AbstractSet.java:109)
	at org.devopspy.model.DevOpspyProfileGroup.hashCode(DevOpspyProfileGroup.java)
	at org.devopspy.model.DevOpspyProfile.hashCode(DevOpspyProfile.java)
	at java.util.AbstractSet.hashCode(AbstractSet.java:109)
	at org.devopspy.model.DevOpspyProfileGroup.hashCode(DevOpspyProfileGroup.java)
	at org.devopspy.model.DevOpspyProfile.hashCode(DevOpspyProfile.java)
	at java.util.AbstractSet.hashCode(AbstractSet.java:109)
	at org.devopspy.model.DevOpspyProfileGroup.hashCode(DevOpspyProfileGroup.java)
	at org.devopspy.model.DevOpspyProfile.hashCode(DevOpspyProfile.java)
	at java.util.AbstractSet.hashCode(AbstractSet.java:109)
	at org.devopspy.model.DevOpspyProfileGroup.hashCode(DevOpspyProfileGroup.java)
	at org.devopspy.model.DevOpspyProfile.hashCode(DevOpspyProfile.java)
	at java.util.AbstractSet.hashCode(AbstractSet.java:109)
	at org.devopspy.model.DevOpspyProfileGroup.hashCode(DevOpspyProfileGroup.java)
	at org.devopspy.model.DevOpspyProfile.hashCode(DevOpspyProfile.java)
	at java.util.AbstractSet.hashCode(AbstractSet.java:109)
	at org.devopspy.model.DevOpspyProfileGroup.hashCode(DevOpspyProfileGroup.java)
	at org.devopspy.model.DevOpspyProfile.hashCode(DevOpspyProfile.java)
	at java.util.AbstractSet.hashCode(AbstractSet.java:109)
	at org.devopspy.model.DevOpspyProfileGroup.hashCode(DevOpspyProfileGroup.java)
	at org.devopspy.model.DevOpspyProfile.hashCode(DevOpspyProfile.java)
	at java.util.AbstractSet.hashCode(AbstractSet.java:109)
	at org.devopspy.model.DevOpspyProfileGroup.hashCode(DevOpspyProfileGroup.java)
	at org.devopspy.model.DevOpspyProfile.hashCode(DevOpspyProfile.java)
	at java.util.AbstractSet.hashCode(AbstractSet.java:109)
	at org.devopspy.model.DevOpspyProfileGroup.hashCode(DevOpspyProfileGroup.java)
	at org.devopspy.model.DevOpspyProfile.hashCode(DevOpspyProfile.java)
	at java.util.AbstractSet.hashCode(AbstractSet.java:109)
	at org.devopspy.model.DevOpspyProfileGroup.hashCode(DevOpspyProfileGroup.java)
	at org.devopspy.model.DevOpspyProfile.hashCode(DevOpspyProfile.java)
	at java.util.AbstractSet.hashCode(AbstractSet.java:109)
	at org.devopspy.model.DevOpspyProfileGroup.hashCode(DevOpspyProfileGroup.java)
	at org.devopspy.model.DevOpspyProfile.hashCode(DevOpspyProfile.java)
	at java.util.AbstractSet.hashCode(AbstractSet.java:109)
	at org.devopspy.model.DevOpspyProfileGroup.hashCode(DevOpspyProfileGroup.java)
	at org.devopspy.model.DevOpspyProfile.hashCode(DevOpspyProfile.java)
	at java.util.AbstractSet.hashCode(AbstractSet.java:109)
	at org.devopspy.model.DevOpspyProfileGroup.hashCode(DevOpspyProfileGroup.java)
	at org.devopspy.model.DevOpspyProfile.hashCode(DevOpspyProfile.java)
	at java.util.AbstractSet.hashCode(AbstractSet.java:109)
	at org.devopspy.model.DevOpspyProfileGroup.hashCode(DevOpspyProfileGroup.java)
	at org.devopspy.model.DevOpspyProfile.hashCode(DevOpspyProfile.java)
	at java.util.AbstractSet.hashCode(AbstractSet.java:109)
	at org.devopspy.model.DevOpspyProfileGroup.hashCode(DevOpspyProfileGroup.java)
	at org.devopspy.model.DevOpspyProfile.hashCode(DevOpspyProfile.java)
	at java.util.AbstractSet.hashCode(AbstractSet.java:109)
	at org.devopspy.model.DevOpspyProfileGroup.hashCode(DevOpspyProfileGroup.java)
	at org.devopspy.model.DevOpspyProfile.hashCode(DevOpspyProfile.java)
	at java.util.AbstractSet.hashCode(AbstractSet.java:109)
	at org.devopspy.model.DevOpspyProfileGroup.hashCode(DevOpspyProfileGroup.java)
	at org.devopspy.model.DevOpspyProfile.hashCode(DevOpspyProfile.java)
	at java.util.AbstractSet.hashCode(AbstractSet.java:109)
	at org.devopspy.model.DevOpspyProfileGroup.hashCode(DevOpspyProfileGroup.java)
	at org.devopspy.model.DevOpspyProfile.hashCode(DevOpspyProfile.java)
	at java.util.AbstractSet.hashCode(AbstractSet.java:109)
	at org.devopspy.model.DevOpspyProfileGroup.hashCode(DevOpspyProfileGroup.java)
	at org.devopspy.model.DevOpspyProfile.hashCode(DevOpspyProfile.java)
	at java.util.AbstractSet.hashCode(AbstractSet.java:109)
	at org.devopspy.model.DevOpspyProfileGroup.hashCode(DevOpspyProfileGroup.java)
	at org.devopspy.model.DevOpspyProfile.hashCode(DevOpspyProfile.java)
	at java.util.AbstractSet.hashCode(AbstractSet.java:109)
	at org.devopspy.model.DevOpspyProfileGroup.hashCode(DevOpspyProfileGroup.java)
	at org.devopspy.model.DevOpspyProfile.hashCode(DevOpspyProfile.java)
	at java.util.AbstractSet.hashCode(AbstractSet.java:109)
	at org.devopspy.model.DevOpspyProfileGroup.hashCode(DevOpspyProfileGroup.java)
	at org.devopspy.model.DevOpspyProfile.hashCode(DevOpspyProfile.java)
	at java.util.AbstractSet.hashCode(AbstractSet.java:109)
	at org.devopspy.model.DevOpspyProfileGroup.hashCode(DevOpspyProfileGroup.java)
	at org.devopspy.model.DevOpspyProfile.hashCode(DevOpspyProfile.java)
	at java.util.AbstractSet.hashCode(AbstractSet.java:109)
	at org.devopspy.model.DevOpspyProfileGroup.hashCode(DevOpspyProfileGroup.java)
	at org.devopspy.model.DevOpspyProfile.hashCode(DevOpspyProfile.java)
	at java.util.AbstractSet.hashCode(AbstractSet.java:109)
	at org.devopspy.model.DevOpspyProfileGroup.hashCode(DevOpspyProfileGroup.java)
	at org.devopspy.model.DevOpspyProfile.hashCode(DevOpspyProfile.java)
	at java.util.AbstractSet.hashCode(AbstractSet.java:109)
	at org.devopspy.model.DevOpspyProfileGroup.hashCode(DevOpspyProfileGroup.java)
	at org.devopspy.model.DevOpspyProfile.hashCode(DevOpspyProfile.java)
	at java.util.AbstractSet.hashCode(AbstractSet.java:109)
	at org.devopspy.model.DevOpspyProfileGroup.hashCode(DevOpspyProfileGroup.java)
	at org.devopspy.model.DevOpspyProfile.hashCode(DevOpspyProfile.java)
	at java.util.AbstractSet.hashCode(AbstractSet.java:109)
	at org.devopspy.model.DevOpspyProfileGroup.hashCode(DevOpspyProfileGroup.java)
	at org.devopspy.model.DevOpspyProfile.hashCode(DevOpspyProfile.java)
	at java.util.AbstractSet.hashCode(AbstractSet.java:109)
	at org.devopspy.model.DevOpspyProfileGroup.hashCode(DevOpspyProfileGroup.java)
	at org.devopspy.model.DevOpspyProfile.hashCode(DevOpspyProfile.java)
	at java.util.AbstractSet.hashCode(AbstractSet.java:109)
	at org.devopspy.model.DevOpspyProfileGroup.hashCode(DevOpspyProfileGroup.java)
	at org.devopspy.model.DevOpspyProfile.hashCode(DevOpspyProfile.java)
	at java.util.AbstractSet.hashCode(AbstractSet.java:109)
	at org.devopspy.model.DevOpspyProfileGroup.hashCode(DevOpspyProfileGroup.java)
	at org.devopspy.model.DevOpspyProfile.hashCode(DevOpspyProfile.java)
	at java.util.AbstractSet.hashCode(AbstractSet.java:109)
	at org.devopspy.model.DevOpspyProfileGroup.hashCode(DevOpspyProfileGroup.java)
	at org.devopspy.model.DevOpspyProfile.hashCode(DevOpspyProfile.java)
	at java.util.AbstractSet.hashCode(AbstractSet.java:109)
	at org.devopspy.model.DevOpspyProfileGroup.hashCode(DevOpspyProfileGroup.java)
	at org.devopspy.model.DevOpspyProfile.hashCode(DevOpspyProfile.java)
	at java.util.AbstractSet.hashCode(AbstractSet.java:109)
	at org.devopspy.model.DevOpspyProfileGroup.hashCode(DevOpspyProfileGroup.java)
	at org.devopspy.model.DevOpspyProfile.hashCode(DevOpspyProfile.java)
	at java.util.AbstractSet.hashCode(AbstractSet.java:109)
	at org.devopspy.model.DevOpspyProfileGroup.hashCode(DevOpspyProfileGroup.java)
	at org.devopspy.model.DevOpspyProfile.hashCode(DevOpspyProfile.java)
	at java.util.AbstractSet.hashCode(AbstractSet.java:109)
	at org.devopspy.model.DevOpspyProfileGroup.hashCode(DevOpspyProfileGroup.java)
	at org.devopspy.model.DevOpspyProfile.hashCode(DevOpspyProfile.java)
	at java.util.AbstractSet.hashCode(AbstractSet.java:109)
	at org.devopspy.model.DevOpspyProfileGroup.hashCode(DevOpspyProfileGroup.java)
	at org.devopspy.model.DevOpspyProfile.hashCode(DevOpspyProfile.java)
	at java.util.AbstractSet.hashCode(AbstractSet.java:109)
	at org.devopspy.model.DevOpspyProfileGroup.hashCode(DevOpspyProfileGroup.java)
	at org.devopspy.model.DevOpspyProfile.hashCode(DevOpspyProfile.java)
	at java.util.AbstractSet.hashCode(AbstractSet.java:109)
	at org.devopspy.model.DevOpspyProfileGroup.hashCode(DevOpspyProfileGroup.java)
	at org.devopspy.model.DevOpspyProfile.hashCode(DevOpspyProfile.java)
	at java.util.AbstractSet.hashCode(AbstractSet.java:109)
	at org.devopspy.model.DevOpspyProfileGroup.hashCode(DevOpspyProfileGroup.java)
	at org.devopspy.model.DevOpspyProfile.hashCode(DevOpspyProfile.java)
	at java.util.AbstractSet.hashCode(AbstractSet.java:109)
	at org.devopspy.model.DevOpspyProfileGroup.hashCode(DevOpspyProfileGroup.java)
	at org.devopspy.model.DevOpspyProfile.hashCode(DevOpspyProfile.java)
	at java.util.AbstractSet.hashCode(AbstractSet.java:109)
	at org.devopspy.model.DevOpspyProfileGroup.hashCode(DevOpspyProfileGroup.java)
	at org.devopspy.model.DevOpspyProfile.hashCode(DevOpspyProfile.java)
	at java.util.AbstractSet.hashCode(AbstractSet.java:109)
	at org.devopspy.model.DevOpspyProfileGroup.hashCode(DevOpspyProfileGroup.java)
	at org.devopspy.model.DevOpspyProfile.hashCode(DevOpspyProfile.java)
	at java.util.AbstractSet.hashCode(AbstractSet.java:109)
	at org.devopspy.model.DevOpspyProfileGroup.hashCode(DevOpspyProfileGroup.java)
	at org.devopspy.model.DevOpspyProfile.hashCode(DevOpspyProfile.java)
	at java.util.AbstractSet.hashCode(AbstractSet.java:109)
	at org.devopspy.model.DevOpspyProfileGroup.hashCode(DevOpspyProfileGroup.java)
	at org.devopspy.model.DevOpspyProfile.hashCode(DevOpspyProfile.java)
	at java.util.AbstractSet.hashCode(AbstractSet.java:109)
	at org.devopspy.model.DevOpspyProfileGroup.hashCode(DevOpspyProfileGroup.java)
	at org.devopspy.model.DevOpspyProfile.hashCode(DevOpspyProfile.java)
	at java.util.AbstractSet.hashCode(AbstractSet.java:109)
	at org.devopspy.model.DevOpspyProfileGroup.hashCode(DevOpspyProfileGroup.java)
	at org.devopspy.model.DevOpspyProfile.hashCode(DevOpspyProfile.java)
	at java.util.AbstractSet.hashCode(AbstractSet.java:109)
	at org.devopspy.model.DevOpspyProfileGroup.hashCode(DevOpspyProfileGroup.java)
	at org.devopspy.model.DevOpspyProfile.hashCode(DevOpspyProfile.java)
	at java.util.AbstractSet.hashCode(AbstractSet.java:109)
	at org.devopspy.model.DevOpspyProfileGroup.hashCode(DevOpspyProfileGroup.java)
	at org.devopspy.model.DevOpspyProfile.hashCode(DevOpspyProfile.java)
	at java.util.AbstractSet.hashCode(AbstractSet.java:109)
	at org.devopspy.model.DevOpspyProfileGroup.hashCode(DevOpspyProfileGroup.java)
	at org.devopspy.model.DevOpspyProfile.hashCode(DevOpspyProfile.java)
	at java.util.AbstractSet.hashCode(AbstractSet.java:109)
	at org.devopspy.model.DevOpspyProfileGroup.hashCode(DevOpspyProfileGroup.java)
	at org.devopspy.model.DevOpspyProfile.hashCode(DevOpspyProfile.java)
	at java.util.AbstractSet.hashCode(AbstractSet.java:109)
	at org.devopspy.model.DevOpspyProfileGroup.hashCode(DevOpspyProfileGroup.java)
	at org.devopspy.model.DevOpspyProfile.hashCode(DevOpspyProfile.java)
	at java.util.AbstractSet.hashCode(AbstractSet.java:109)
	at org.devopspy.model.DevOpspyProfileGroup.hashCode(DevOpspyProfileGroup.java)
	at org.devopspy.model.DevOpspyProfile.hashCode(DevOpspyProfile.java)
	at java.util.AbstractSet.hashCode(AbstractSet.java:109)
	at org.devopspy.model.DevOpspyProfileGroup.hashCode(DevOpspyProfileGroup.java)
	at org.devopspy.model.DevOpspyProfile.hashCode(DevOpspyProfile.java)
	at java.util.AbstractSet.hashCode(AbstractSet.java:109)
	at org.devopspy.model.DevOpspyProfileGroup.hashCode(DevOpspyProfileGroup.java)
	at org.devopspy.model.DevOpspyProfile.hashCode(DevOpspyProfile.java)
	at java.util.AbstractSet.hashCode(AbstractSet.java:109)
	at org.devopspy.model.DevOpspyProfileGroup.hashCode(DevOpspyProfileGroup.java)
	at org.devopspy.model.DevOpspyProfile.hashCode(DevOpspyProfile.java)
	at java.util.AbstractSet.hashCode(AbstractSet.java:109)
	at org.devopspy.model.DevOpspyProfileGroup.hashCode(DevOpspyProfileGroup.java)
	at org.devopspy.model.DevOpspyProfile.hashCode(DevOpspyProfile.java)
	at java.util.AbstractSet.hashCode(AbstractSet.java:109)
	at org.devopspy.model.DevOpspyProfileGroup.hashCode(DevOpspyProfileGroup.java)
	at org.devopspy.model.DevOpspyProfile.hashCode(DevOpspyProfile.java)
	at java.util.AbstractSet.hashCode(AbstractSet.java:109)
	at org.devopspy.model.DevOpspyProfileGroup.hashCode(DevOpspyProfileGroup.java)
	at org.devopspy.model.DevOpspyProfile.hashCode(DevOpspyProfile.java)
	at java.util.AbstractSet.hashCode(AbstractSet.java:109)
	at org.devopspy.model.DevOpspyProfileGroup.hashCode(DevOpspyProfileGroup.java)
	at org.devopspy.model.DevOpspyProfile.hashCode(DevOpspyProfile.java)
	at java.util.AbstractSet.hashCode(AbstractSet.java:109)
	at org.devopspy.model.DevOpspyProfileGroup.hashCode(DevOpspyProfileGroup.java)
	at org.devopspy.model.DevOpspyProfile.hashCode(DevOpspyProfile.java)
	at java.util.AbstractSet.hashCode(AbstractSet.java:109)
	at org.devopspy.model.DevOpspyProfileGroup.hashCode(DevOpspyProfileGroup.java)
	at org.devopspy.model.DevOpspyProfile.hashCode(DevOpspyProfile.java)
	at java.util.AbstractSet.hashCode(AbstractSet.java:109)
	at org.devopspy.model.DevOpspyProfileGroup.hashCode(DevOpspyProfileGroup.java)
	at org.devopspy.model.DevOpspyProfile.hashCode(DevOpspyProfile.java)
	at java.util.AbstractSet.hashCode(AbstractSet.java:109)
	at org.devopspy.model.DevOpspyProfileGroup.hashCode(DevOpspyProfileGroup.java)
	at org.devopspy.model.DevOpspyProfile.hashCode(DevOpspyProfile.java)
	at java.util.AbstractSet.hashCode(AbstractSet.java:109)
	at org.devopspy.model.DevOpspyProfileGroup.hashCode(DevOpspyProfileGroup.java)
	at org.devopspy.model.DevOpspyProfile.hashCode(DevOpspyProfile.java)
	at java.util.AbstractSet.hashCode(AbstractSet.java:109)
	at org.devopspy.model.DevOpspyProfileGroup.hashCode(DevOpspyProfileGroup.java)
	at org.devopspy.model.DevOpspyProfile.hashCode(DevOpspyProfile.java)
	at java.util.AbstractSet.hashCode(AbstractSet.java:109)
	at org.devopspy.model.DevOpspyProfileGroup.hashCode(DevOpspyProfileGroup.java)
	at org.devopspy.model.DevOpspyProfile.hashCode(DevOpspyProfile.java)
	at java.util.AbstractSet.hashCode(AbstractSet.java:109)
	at org.devopspy.model.DevOpspyProfileGroup.hashCode(DevOpspyProfileGroup.java)
	at org.devopspy.model.DevOpspyProfile.hashCode(DevOpspyProfile.java)
	at java.util.AbstractSet.hashCode(AbstractSet.java:109)
	at org.devopspy.model.DevOpspyProfileGroup.hashCode(DevOpspyProfileGroup.java)
	at org.devopspy.model.DevOpspyProfile.hashCode(DevOpspyProfile.java)
	at java.util.AbstractSet.hashCode(AbstractSet.java:109)
	at org.devopspy.model.DevOpspyProfileGroup.hashCode(DevOpspyProfileGroup.java)
	at org.devopspy.model.DevOpspyProfile.hashCode(DevOpspyProfile.java)
	at java.util.AbstractSet.hashCode(AbstractSet.java:109)
	at org.devopspy.model.DevOpspyProfileGroup.hashCode(DevOpspyProfileGroup.java)
	at org.devopspy.model.DevOpspyProfile.hashCode(DevOpspyProfile.java)
	at java.util.AbstractSet.hashCode(AbstractSet.java:109)
	at org.devopspy.model.DevOpspyProfileGroup.hashCode(DevOpspyProfileGroup.java)
	at org.devopspy.model.DevOpspyProfile.hashCode(DevOpspyProfile.java)
	at java.util.AbstractSet.hashCode(AbstractSet.java:109)
	at org.devopspy.model.DevOpspyProfileGroup.hashCode(DevOpspyProfileGroup.java)
	at org.devopspy.model.DevOpspyProfile.hashCode(DevOpspyProfile.java)
	at java.util.AbstractSet.hashCode(AbstractSet.java:109)
	at org.devopspy.model.DevOpspyProfileGroup.hashCode(DevOpspyProfileGroup.java)
	at org.devopspy.model.DevOpspyProfile.hashCode(DevOpspyProfile.java)
	at java.util.AbstractSet.hashCode(AbstractSet.java:109)
	at org.devopspy.model.DevOpspyProfileGroup.hashCode(DevOpspyProfileGroup.java)
	at org.devopspy.model.DevOpspyProfile.hashCode(DevOpspyProfile.java)
	at java.util.AbstractSet.hashCode(AbstractSet.java:109)
	at org.devopspy.model.DevOpspyProfileGroup.hashCode(DevOpspyProfileGroup.java)
	at org.devopspy.model.DevOpspyProfile.hashCode(DevOpspyProfile.java)
	at java.util.AbstractSet.hashCode(AbstractSet.java:109)
	at org.devopspy.model.DevOpspyProfileGroup.hashCode(DevOpspyProfileGroup.java)
	at org.devopspy.model.DevOpspyProfile.hashCode(DevOpspyProfile.java)
	at java.util.AbstractSet.hashCode(AbstractSet.java:109)
	at org.devopspy.model.DevOpspyProfileGroup.hashCode(DevOpspyProfileGroup.java)
	at org.devopspy.model.DevOpspyProfile.hashCode(DevOpspyProfile.java)
	at java.util.AbstractSet.hashCode(AbstractSet.java:109)
	at org.devopspy.model.DevOpspyProfileGroup.hashCode(DevOpspyProfileGroup.java)
	at org.devopspy.model.DevOpspyProfile.hashCode(DevOpspyProfile.java)
	at java.util.AbstractSet.hashCode(AbstractSet.java:109)
	at org.devopspy.model.DevOpspyProfileGroup.hashCode(DevOpspyProfileGroup.java)
	at org.devopspy.model.DevOpspyProfile.hashCode(DevOpspyProfile.java)
	at java.util.AbstractSet.hashCode(AbstractSet.java:109)
	at org.devopspy.model.DevOpspyProfileGroup.hashCode(DevOpspyProfileGroup.java)
	at org.devopspy.model.DevOpspyProfile.hashCode(DevOpspyProfile.java)
	at java.util.AbstractSet.hashCode(AbstractSet.java:109)
	at org.devopspy.model.DevOpspyProfileGroup.hashCode(DevOpspyProfileGroup.java)
	at org.devopspy.model.DevOpspyProfile.hashCode(DevOpspyProfile.java)
	at java.util.AbstractSet.hashCode(AbstractSet.java:109)
	at org.devopspy.model.DevOpspyProfileGroup.hashCode(DevOpspyProfileGroup.java)
	at org.devopspy.model.DevOpspyProfile.hashCode(DevOpspyProfile.java)
	at java.util.AbstractSet.hashCode(AbstractSet.java:109)
	at org.devopspy.model.DevOpspyProfileGroup.hashCode(DevOpspyProfileGroup.java)
	at org.devopspy.model.DevOpspyProfile.hashCode(DevOpspyProfile.java)
	at java.util.AbstractSet.hashCode(AbstractSet.java:109)
	at org.devopspy.model.DevOpspyProfileGroup.hashCode(DevOpspyProfileGroup.java)
	at org.devopspy.model.DevOpspyProfile.hashCode(DevOpspyProfile.java)
	at java.util.AbstractSet.hashCode(AbstractSet.java:109)
	at org.devopspy.model.DevOpspyProfileGroup.hashCode(DevOpspyProfileGroup.java)
	at org.devopspy.model.DevOpspyProfile.hashCode(DevOpspyProfile.java)
	at java.util.AbstractSet.hashCode(AbstractSet.java:109)
	at org.devopspy.model.DevOpspyProfileGroup.hashCode(DevOpspyProfileGroup.java)
	at org.devopspy.model.DevOpspyProfile.hashCode(DevOpspyProfile.java)
	at java.util.AbstractSet.hashCode(AbstractSet.java:109)
	at org.devopspy.model.DevOpspyProfileGroup.hashCode(DevOpspyProfileGroup.java)
	at org.devopspy.model.DevOpspyProfile.hashCode(DevOpspyProfile.java)
	at java.util.AbstractSet.hashCode(AbstractSet.java:109)
	at org.devopspy.model.DevOpspyProfileGroup.hashCode(DevOpspyProfileGroup.java)
	at org.devopspy.model.DevOpspyProfile.hashCode(DevOpspyProfile.java)
	at java.util.AbstractSet.hashCode(AbstractSet.java:109)
	at org.devopspy.model.DevOpspyProfileGroup.hashCode(DevOpspyProfileGroup.java)
	at org.devopspy.model.DevOpspyProfile.hashCode(DevOpspyProfile.java)
	at java.util.AbstractSet.hashCode(AbstractSet.java:109)
	at org.devopspy.model.DevOpspyProfileGroup.hashCode(DevOpspyProfileGroup.java)
	at org.devopspy.model.DevOpspyProfile.hashCode(DevOpspyProfile.java)
	at java.util.AbstractSet.hashCode(AbstractSet.java:109)
	at org.devopspy.model.DevOpspyProfileGroup.hashCode(DevOpspyProfileGroup.java)
	at org.devopspy.model.DevOpspyProfile.hashCode(DevOpspyProfile.java)
	at java.util.AbstractSet.hashCode(AbstractSet.java:109)
	at org.devopspy.model.DevOpspyProfileGroup.hashCode(DevOpspyProfileGroup.java)
	at org.devopspy.model.DevOpspyProfile.hashCode(DevOpspyProfile.java)
	at java.util.AbstractSet.hashCode(AbstractSet.java:109)
	at org.devopspy.model.DevOpspyProfileGroup.hashCode(DevOpspyProfileGroup.java)
	at org.devopspy.model.DevOpspyProfile.hashCode(DevOpspyProfile.java)
	at java.util.AbstractSet.hashCode(AbstractSet.java:109)
	at org.devopspy.model.DevOpspyProfileGroup.hashCode(DevOpspyProfileGroup.java)
	at org.devopspy.model.DevOpspyProfile.hashCode(DevOpspyProfile.java)
	at java.util.AbstractSet.hashCode(AbstractSet.java:109)
	at org.devopspy.model.DevOpspyProfileGroup.hashCode(DevOpspyProfileGroup.java)
	at org.devopspy.model.DevOpspyProfile.hashCode(DevOpspyProfile.java)
	at java.util.AbstractSet.hashCode(AbstractSet.java:109)
	at org.devopspy.model.DevOpspyProfileGroup.hashCode(DevOpspyProfileGroup.java)
	at org.devopspy.model.DevOpspyProfile.hashCode(DevOpspyProfile.java)
	at java.util.AbstractSet.hashCode(AbstractSet.java:109)
	at org.devopspy.model.DevOpspyProfileGroup.hashCode(DevOpspyProfileGroup.java)
	at org.devopspy.model.DevOpspyProfile.hashCode(DevOpspyProfile.java)
	at java.util.AbstractSet.hashCode(AbstractSet.java:109)
	at org.devopspy.model.DevOpspyProfileGroup.hashCode(DevOpspyProfileGroup.java)
	at org.devopspy.model.DevOpspyProfile.hashCode(DevOpspyProfile.java)
	at java.util.AbstractSet.hashCode(AbstractSet.java:109)
	at org.devopspy.model.DevOpspyProfileGroup.hashCode(DevOpspyProfileGroup.java)
	at org.devopspy.model.DevOpspyProfile.hashCode(DevOpspyProfile.java)
	at java.util.AbstractSet.hashCode(AbstractSet.java:109)
	at org.devopspy.model.DevOpspyProfileGroup.hashCode(DevOpspyProfileGroup.java)
	at org.devopspy.model.DevOpspyProfile.hashCode(DevOpspyProfile.java)
	at java.util.AbstractSet.hashCode(AbstractSet.java:109)
	at org.devopspy.model.DevOpspyProfileGroup.hashCode(DevOpspyProfileGroup.java)
	at org.devopspy.model.DevOpspyProfile.hashCode(DevOpspyProfile.java)
	at java.util.AbstractSet.hashCode(AbstractSet.java:109)
	at org.devopspy.model.DevOpspyProfileGroup.hashCode(DevOpspyProfileGroup.java)
	at org.devopspy.model.DevOpspyProfile.hashCode(DevOpspyProfile.java)
	at java.util.AbstractSet.hashCode(AbstractSet.java:109)
	at org.devopspy.model.DevOpspyProfileGroup.hashCode(DevOpspyProfileGroup.java)
	at org.devopspy.model.DevOpspyProfile.hashCode(DevOpspyProfile.java)
	at java.util.AbstractSet.hashCode(AbstractSet.java:109)
	at org.devopspy.model.DevOpspyProfileGroup.hashCode(DevOpspyProfileGroup.java)
	at org.devopspy.model.DevOpspyProfile.hashCode(DevOpspyProfile.java)
	at java.util.AbstractSet.hashCode(AbstractSet.java:109)
	at org.devopspy.model.DevOpspyProfileGroup.hashCode(DevOpspyProfileGroup.java)
	at org.devopspy.model.DevOpspyProfile.hashCode(DevOpspyProfile.java)
	at java.util.AbstractSet.hashCode(AbstractSet.java:109)
	at org.devopspy.model.DevOpspyProfileGroup.hashCode(DevOpspyProfileGroup.java)
	at org.devopspy.model.DevOpspyProfile.hashCode(DevOpspyProfile.java)
	at java.util.AbstractSet.hashCode(AbstractSet.java:109)
	at org.devopspy.model.DevOpspyProfileGroup.hashCode(DevOpspyProfileGroup.java)
	at org.devopspy.model.DevOpspyProfile.hashCode(DevOpspyProfile.java)
	at java.util.AbstractSet.hashCode(AbstractSet.java:109)
	at org.devopspy.model.DevOpspyProfileGroup.hashCode(DevOpspyProfileGroup.java)
	at org.devopspy.model.DevOpspyProfile.hashCode(DevOpspyProfile.java)
	at java.util.AbstractSet.hashCode(AbstractSet.java:109)
	at org.devopspy.model.DevOpspyProfileGroup.hashCode(DevOpspyProfileGroup.java)
	at org.devopspy.model.DevOpspyProfile.hashCode(DevOpspyProfile.java)
	at java.util.AbstractSet.hashCode(AbstractSet.java:109)
	at org.devopspy.model.DevOpspyProfileGroup.hashCode(DevOpspyProfileGroup.java)
	at org.devopspy.model.DevOpspyProfile.hashCode(DevOpspyProfile.java)
	at java.util.AbstractSet.hashCode(AbstractSet.java:109)
	at org.devopspy.model.DevOpspyProfileGroup.hashCode(DevOpspyProfileGroup.java)
	at org.devopspy.model.DevOpspyProfile.hashCode(DevOpspyProfile.java)
	at java.util.AbstractSet.hashCode(AbstractSet.java:109)
	at org.devopspy.model.DevOpspyProfileGroup.hashCode(DevOpspyProfileGroup.java)
	at org.devopspy.model.DevOpspyProfile.hashCode(DevOpspyProfile.java)
	at java.util.AbstractSet.hashCode(AbstractSet.java:109)
	at org.devopspy.model.DevOpspyProfileGroup.hashCode(DevOpspyProfileGroup.java)
	at org.devopspy.model.DevOpspyProfile.hashCode(DevOpspyProfile.java)
	at java.util.AbstractSet.hashCode(AbstractSet.java:109)
	at org.devopspy.model.DevOpspyProfileGroup.hashCode(DevOpspyProfileGroup.java)
	at org.devopspy.model.DevOpspyProfile.hashCode(DevOpspyProfile.java)
	at java.util.AbstractSet.hashCode(AbstractSet.java:109)
	at org.devopspy.model.DevOpspyProfileGroup.hashCode(DevOpspyProfileGroup.java)
	at org.devopspy.model.DevOpspyProfile.hashCode(DevOpspyProfile.java)
	at java.util.AbstractSet.hashCode(AbstractSet.java:109)
	at org.devopspy.model.DevOpspyProfileGroup.hashCode(DevOpspyProfileGroup.java)
	at org.devopspy.model.DevOpspyProfile.hashCode(DevOpspyProfile.java)
	at java.util.AbstractSet.hashCode(AbstractSet.java:109)
	at org.devopspy.model.DevOpspyProfileGroup.hashCode(DevOpspyProfileGroup.java)
	at org.devopspy.model.DevOpspyProfile.hashCode(DevOpspyProfile.java)
	at java.util.AbstractSet.hashCode(AbstractSet.java:109)
	at org.devopspy.model.DevOpspyProfileGroup.hashCode(DevOpspyProfileGroup.java)
	at org.devopspy.model.DevOpspyProfile.hashCode(DevOpspyProfile.java)
	at java.util.AbstractSet.hashCode(AbstractSet.java:109)
	at org.devopspy.model.DevOpspyProfileGroup.hashCode(DevOpspyProfileGroup.java)
	at org.devopspy.model.DevOpspyProfile.hashCode(DevOpspyProfile.java)
	at java.util.AbstractSet.hashCode(AbstractSet.java:109)
	at org.devopspy.model.DevOpspyProfileGroup.hashCode(DevOpspyProfileGroup.java)
	at org.devopspy.model.DevOpspyProfile.hashCode(DevOpspyProfile.java)
	at java.util.AbstractSet.hashCode(AbstractSet.java:109)
	at org.devopspy.model.DevOpspyProfileGroup.hashCode(DevOpspyProfileGroup.java)
	at org.devopspy.model.DevOpspyProfile.hashCode(DevOpspyProfile.java)
	at java.util.AbstractSet.hashCode(AbstractSet.java:109)
	at org.devopspy.model.DevOpspyProfileGroup.hashCode(DevOpspyProfileGroup.java)
	at org.devopspy.model.DevOpspyProfile.hashCode(DevOpspyProfile.java)
	at java.util.AbstractSet.hashCode(AbstractSet.java:109)
	at org.devopspy.model.DevOpspyProfileGroup.hashCode(DevOpspyProfileGroup.java)
	at org.devopspy.model.DevOpspyProfile.hashCode(DevOpspyProfile.java)
	at java.util.AbstractSet.hashCode(AbstractSet.java:109)
	at org.devopspy.model.DevOpspyProfileGroup.hashCode(DevOpspyProfileGroup.java)
	at org.devopspy.model.DevOpspyProfile.hashCode(DevOpspyProfile.java)
	at java.util.AbstractSet.hashCode(AbstractSet.java:109)
	at org.devopspy.model.DevOpspyProfileGroup.hashCode(DevOpspyProfileGroup.java)
	at org.devopspy.model.DevOpspyProfile.hashCode(DevOpspyProfile.java)
	at java.util.AbstractSet.hashCode(AbstractSet.java:109)
	at org.devopspy.model.DevOpspyProfileGroup.hashCode(DevOpspyProfileGroup.java)
	at org.devopspy.model.DevOpspyProfile.hashCode(DevOpspyProfile.java)
	at java.util.AbstractSet.hashCode(AbstractSet.java:109)
	at org.devopspy.model.DevOpspyProfileGroup.hashCode(DevOpspyProfileGroup.java)
	at org.devopspy.model.DevOpspyProfile.hashCode(DevOpspyProfile.java)
	at java.util.AbstractSet.hashCode(AbstractSet.java:109)
	at org.devopspy.model.DevOpspyProfileGroup.hashCode(DevOpspyProfileGroup.java)
	at org.devopspy.model.DevOpspyProfile.hashCode(DevOpspyProfile.java)
	at java.util.AbstractSet.hashCode(AbstractSet.java:109)
	at org.devopspy.model.DevOpspyProfileGroup.hashCode(DevOpspyProfileGroup.java)
	at org.devopspy.model.DevOpspyProfile.hashCode(DevOpspyProfile.java)
	at java.util.AbstractSet.hashCode(AbstractSet.java:109)
	at org.devopspy.model.DevOpspyProfileGroup.hashCode(DevOpspyProfileGroup.java)
	at org.devopspy.model.DevOpspyProfile.hashCode(DevOpspyProfile.java)
	at java.util.AbstractSet.hashCode(AbstractSet.java:109)
	at org.devopspy.model.DevOpspyProfileGroup.hashCode(DevOpspyProfileGroup.java)
	at org.devopspy.model.DevOpspyProfile.hashCode(DevOpspyProfile.java)
	at java.util.AbstractSet.hashCode(AbstractSet.java:109)
	at org.devopspy.model.DevOpspyProfileGroup.hashCode(DevOpspyProfileGroup.java)
	at org.devopspy.model.DevOpspyProfile.hashCode(DevOpspyProfile.java)
	at java.util.AbstractSet.hashCode(AbstractSet.java:109)
	at org.devopspy.model.DevOpspyProfileGroup.hashCode(DevOpspyProfileGroup.java)
	at org.devopspy.model.DevOpspyProfile.hashCode(DevOpspyProfile.java)
	at java.util.AbstractSet.hashCode(AbstractSet.java:109)
	at org.devopspy.model.DevOpspyProfileGroup.hashCode(DevOpspyProfileGroup.java)
	at org.devopspy.model.DevOpspyProfile.hashCode(DevOpspyProfile.java)
	at java.util.AbstractSet.hashCode(AbstractSet.java:109)
	at org.devopspy.model.DevOpspyProfileGroup.hashCode(DevOpspyProfileGroup.java)
	at org.devopspy.model.DevOpspyProfile.hashCode(DevOpspyProfile.java)
	at java.util.AbstractSet.hashCode(AbstractSet.java:109)
	at org.devopspy.model.DevOpspyProfileGroup.hashCode(DevOpspyProfileGroup.java)
	at org.devopspy.model.DevOpspyProfile.hashCode(DevOpspyProfile.java)
	at java.util.AbstractSet.hashCode(AbstractSet.java:109)
	at org.devopspy.model.DevOpspyProfileGroup.hashCode(DevOpspyProfileGroup.java)
	at org.devopspy.model.DevOpspyProfile.hashCode(DevOpspyProfile.java)
	at java.util.AbstractSet.hashCode(AbstractSet.java:109)
	at org.devopspy.model.DevOpspyProfileGroup.hashCode(DevOpspyProfileGroup.java)
	at org.devopspy.model.DevOpspyProfile.hashCode(DevOpspyProfile.java)
	at java.util.AbstractSet.hashCode(AbstractSet.java:109)
	at org.devopspy.model.DevOpspyProfileGroup.hashCode(DevOpspyProfileGroup.java)
	at org.devopspy.model.DevOpspyProfile.hashCode(DevOpspyProfile.java)
	at java.util.AbstractSet.hashCode(AbstractSet.java:109)
	at org.devopspy.model.DevOpspyProfileGroup.hashCode(DevOpspyProfileGroup.java)
	at org.devopspy.model.DevOpspyProfile.hashCode(DevOpspyProfile.java)
	at java.util.AbstractSet.hashCode(AbstractSet.java:109)
	at org.devopspy.model.DevOpspyProfileGroup.hashCode(DevOpspyProfileGroup.java)
	at org.devopspy.model.DevOpspyProfile.hashCode(DevOpspyProfile.java)
	at java.util.AbstractSet.hashCode(AbstractSet.java:109)
	at org.devopspy.model.DevOpspyProfileGroup.hashCode(DevOpspyProfileGroup.java)
	at org.devopspy.model.DevOpspyProfile.hashCode(DevOpspyProfile.java)
	at java.util.AbstractSet.hashCode(AbstractSet.java:109)
	at org.devopspy.model.DevOpspyProfileGroup.hashCode(DevOpspyProfileGroup.java)
	at org.devopspy.model.DevOpspyProfile.hashCode(DevOpspyProfile.java)
	at java.util.AbstractSet.hashCode(AbstractSet.java:109)
	at org.devopspy.model.DevOpspyProfileGroup.hashCode(DevOpspyProfileGroup.java)
	at org.devopspy.model.DevOpspyProfile.hashCode(DevOpspyProfile.java)
	at java.util.AbstractSet.hashCode(AbstractSet.java:109)
	at org.devopspy.model.DevOpspyProfileGroup.hashCode(DevOpspyProfileGroup.java)
	at org.devopspy.model.DevOpspyProfile.hashCode(DevOpspyProfile.java)
	at java.util.AbstractSet.hashCode(AbstractSet.java:109)
	at org.devopspy.model.DevOpspyProfileGroup.hashCode(DevOpspyProfileGroup.java)
	at org.devopspy.model.DevOpspyProfile.hashCode(DevOpspyProfile.java)
	at java.util.AbstractSet.hashCode(AbstractSet.java:109)
	at org.devopspy.model.DevOpspyProfileGroup.hashCode(DevOpspyProfileGroup.java)
	at org.devopspy.model.DevOpspyProfile.hashCode(DevOpspyProfile.java)
	at java.util.AbstractSet.hashCode(AbstractSet.java:109)
	at org.devopspy.model.DevOpspyProfileGroup.hashCode(DevOpspyProfileGroup.java)
	at org.devopspy.model.DevOpspyProfile.hashCode(DevOpspyProfile.java)
	at java.util.AbstractSet.hashCode(AbstractSet.java:109)
	at org.devopspy.model.DevOpspyProfileGroup.hashCode(DevOpspyProfileGroup.java)
	at org.devopspy.model.DevOpspyProfile.hashCode(DevOpspyProfile.java)
	at java.util.AbstractSet.hashCode(AbstractSet.java:109)
	at org.devopspy.model.DevOpspyProfileGroup.hashCode(DevOpspyProfileGroup.java)
	at org.devopspy.model.DevOpspyProfile.hashCode(DevOpspyProfile.java)
	at java.util.AbstractSet.hashCode(AbstractSet.java:109)
	at org.devopspy.model.DevOpspyProfileGroup.hashCode(DevOpspyProfileGroup.java)
	at org.devopspy.model.DevOpspyProfile.hashCode(DevOpspyProfile.java)
	at java.util.AbstractSet.hashCode(AbstractSet.java:109)
	at org.devopspy.model.DevOpspyProfileGroup.hashCode(DevOpspyProfileGroup.java)
	at org.devopspy.model.DevOpspyProfile.hashCode(DevOpspyProfile.java)
	at java.util.AbstractSet.hashCode(AbstractSet.java:109)
	at org.devopspy.model.DevOpspyProfileGroup.hashCode(DevOpspyProfileGroup.java)
	at org.devopspy.model.DevOpspyProfile.hashCode(DevOpspyProfile.java)
	at java.util.AbstractSet.hashCode(AbstractSet.java:109)
	at org.devopspy.model.DevOpspyProfileGroup.hashCode(DevOpspyProfileGroup.java)
	at org.devopspy.model.DevOpspyProfile.hashCode(DevOpspyProfile.java)
	at java.util.AbstractSet.hashCode(AbstractSet.java:109)
	at org.devopspy.model.DevOpspyProfileGroup.hashCode(DevOpspyProfileGroup.java)
	at org.devopspy.model.DevOpspyProfile.hashCode(DevOpspyProfile.java)
	at java.util.AbstractSet.hashCode(AbstractSet.java:109)
	at org.devopspy.model.DevOpspyProfileGroup.hashCode(DevOpspyProfileGroup.java)
	at org.devopspy.model.DevOpspyProfile.hashCode(DevOpspyProfile.java)
	at java.util.AbstractSet.hashCode(AbstractSet.java:109)
	at org.devopspy.model.DevOpspyProfileGroup.hashCode(DevOpspyProfileGroup.java)
	at org.devopspy.model.DevOpspyProfile.hashCode(DevOpspyProfile.java)
	at java.util.AbstractSet.hashCode(AbstractSet.java:109)
	at org.devopspy.model.DevOpspyProfileGroup.hashCode(DevOpspyProfileGroup.java)
	at org.devopspy.model.DevOpspyProfile.hashCode(DevOpspyProfile.java)
	at java.util.AbstractSet.hashCode(AbstractSet.java:109)
	at org.devopspy.model.DevOpspyProfileGroup.hashCode(DevOpspyProfileGroup.java)
	at org.devopspy.model.DevOpspyProfile.hashCode(DevOpspyProfile.java)
	at java.util.AbstractSet.hashCode(AbstractSet.java:109)
	at org.devopspy.model.DevOpspyProfileGroup.hashCode(DevOpspyProfileGroup.java)
	at org.devopspy.model.DevOpspyProfile.hashCode(DevOpspyProfile.java)
	at java.util.AbstractSet.hashCode(AbstractSet.java:109)
	at org.devopspy.model.DevOpspyProfileGroup.hashCode(DevOpspyProfileGroup.java)
	at org.devopspy.model.DevOpspyProfile.hashCode(DevOpspyProfile.java)
	at java.util.AbstractSet.hashCode(AbstractSet.java:109)
	at org.devopspy.model.DevOpspyProfileGroup.hashCode(DevOpspyProfileGroup.java)
	at org.devopspy.model.DevOpspyProfile.hashCode(DevOpspyProfile.java)
	at java.util.AbstractSet.hashCode(AbstractSet.java:109)
	at org.devopspy.model.DevOpspyProfileGroup.hashCode(DevOpspyProfileGroup.java)
	at org.devopspy.model.DevOpspyProfile.hashCode(DevOpspyProfile.java)
	at java.util.AbstractSet.hashCode(AbstractSet.java:109)
	at org.devopspy.model.DevOpspyProfileGroup.hashCode(DevOpspyProfileGroup.java)
	at org.devopspy.model.DevOpspyProfile.hashCode(DevOpspyProfile.java)
	at java.util.AbstractSet.hashCode(AbstractSet.java:109)
	at org.devopspy.model.DevOpspyProfileGroup.hashCode(DevOpspyProfileGroup.java)
	at org.devopspy.model.DevOpspyProfile.hashCode(DevOpspyProfile.java)
	at java.util.AbstractSet.hashCode(AbstractSet.java:109)
	at org.devopspy.model.DevOpspyProfileGroup.hashCode(DevOpspyProfileGroup.java)
	at org.devopspy.model.DevOpspyProfile.hashCode(DevOpspyProfile.java)
	at java.util.AbstractSet.hashCode(AbstractSet.java:109)
	at org.devopspy.model.DevOpspyProfileGroup.hashCode(DevOpspyProfileGroup.java)
	at org.devopspy.model.DevOpspyProfile.hashCode(DevOpspyProfile.java)
	at java.util.AbstractSet.hashCode(AbstractSet.java:109)
	at org.devopspy.model.DevOpspyProfileGroup.hashCode(DevOpspyProfileGroup.java)
	at org.devopspy.model.DevOpspyProfile.hashCode(DevOpspyProfile.java)
	at java.util.AbstractSet.hashCode(AbstractSet.java:109)
	at org.devopspy.model.DevOpspyProfileGroup.hashCode(DevOpspyProfileGroup.java)
	at org.devopspy.model.DevOpspyProfile.hashCode(DevOpspyProfile.java)
	at java.util.AbstractSet.hashCode(AbstractSet.java:109)
	at org.devopspy.model.DevOpspyProfileGroup.hashCode(DevOpspyProfileGroup.java)
	at org.devopspy.model.DevOpspyProfile.hashCode(DevOpspyProfile.java)
	at java.util.AbstractSet.hashCode(AbstractSet.java:109)
	at org.devopspy.model.DevOpspyProfileGroup.hashCode(DevOpspyProfileGroup.java)
	at org.devopspy.model.DevOpspyProfile.hashCode(DevOpspyProfile.java)
	at java.util.AbstractSet.hashCode(AbstractSet.java:109)
	at org.devopspy.model.DevOpspyProfileGroup.hashCode(DevOpspyProfileGroup.java)
	at org.devopspy.model.DevOpspyProfile.hashCode(DevOpspyProfile.java)
	at java.util.AbstractSet.hashCode(AbstractSet.java:109)
	at org.devopspy.model.DevOpspyProfileGroup.hashCode(DevOpspyProfileGroup.java)
	at org.devopspy.model.DevOpspyProfile.hashCode(DevOpspyProfile.java)
	at java.util.AbstractSet.hashCode(AbstractSet.java:109)
	at org.devopspy.model.DevOpspyProfileGroup.hashCode(DevOpspyProfileGroup.java)
	at org.devopspy.model.DevOpspyProfile.hashCode(DevOpspyProfile.java)
	at java.util.AbstractSet.hashCode(AbstractSet.java:109)
	at org.devopspy.model.DevOpspyProfileGroup.hashCode(DevOpspyProfileGroup.java)
	at org.devopspy.model.DevOpspyProfile.hashCode(DevOpspyProfile.java)
	at java.util.AbstractSet.hashCode(AbstractSet.java:109)
	at org.devopspy.model.DevOpspyProfileGroup.hashCode(DevOpspyProfileGroup.java)
	at org.devopspy.model.DevOpspyProfile.hashCode(DevOpspyProfile.java)
	at java.util.AbstractSet.hashCode(AbstractSet.java:109)
	at org.devopspy.model.DevOpspyProfileGroup.hashCode(DevOpspyProfileGroup.java)
	at org.devopspy.model.DevOpspyProfile.hashCode(DevOpspyProfile.java)
	at java.util.AbstractSet.hashCode(AbstractSet.java:109)
	at org.devopspy.model.DevOpspyProfileGroup.hashCode(DevOpspyProfileGroup.java)
	at org.devopspy.model.DevOpspyProfile.hashCode(DevOpspyProfile.java)
	at java.util.AbstractSet.hashCode(AbstractSet.java:109)
	at org.devopspy.model.DevOpspyProfileGroup.hashCode(DevOpspyProfileGroup.java)
	at org.devopspy.model.DevOpspyProfile.hashCode(DevOpspyProfile.java)
	at java.util.AbstractSet.hashCode(AbstractSet.java:109)
	at org.devopspy.model.DevOpspyProfileGroup.hashCode(DevOpspyProfileGroup.java)
	at org.devopspy.model.DevOpspyProfile.hashCode(DevOpspyProfile.java)
	at java.util.AbstractSet.hashCode(AbstractSet.java:109)
	at org.devopspy.model.DevOpspyProfileGroup.hashCode(DevOpspyProfileGroup.java)
	at org.devopspy.model.DevOpspyProfile.hashCode(DevOpspyProfile.java)
	at java.util.AbstractSet.hashCode(AbstractSet.java:109)
	at org.devopspy.model.DevOpspyProfileGroup.hashCode(DevOpspyProfileGroup.java)
	at org.devopspy.model.DevOpspyProfile.hashCode(DevOpspyProfile.java)
	at java.util.AbstractSet.hashCode(AbstractSet.java:109)
	at org.devopspy.model.DevOpspyProfileGroup.hashCode(DevOpspyProfileGroup.java)
	at org.devopspy.model.DevOpspyProfile.hashCode(DevOpspyProfile.java)
	at java.util.AbstractSet.hashCode(AbstractSet.java:109)
	at org.devopspy.model.DevOpspyProfileGroup.hashCode(DevOpspyProfileGroup.java)
	at org.devopspy.model.DevOpspyProfile.hashCode(DevOpspyProfile.java)
	at java.util.AbstractSet.hashCode(AbstractSet.java:109)
	at org.devopspy.model.DevOpspyProfileGroup.hashCode(DevOpspyProfileGroup.java)
	at org.devopspy.model.DevOpspyProfile.hashCode(DevOpspyProfile.java)
	at java.util.AbstractSet.hashCode(AbstractSet.java:109)
	at org.devopspy.model.DevOpspyProfileGroup.hashCode(DevOpspyProfileGroup.java)
	at org.devopspy.model.DevOpspyProfile.hashCode(DevOpspyProfile.java)
	at java.util.AbstractSet.hashCode(AbstractSet.java:109)
	at org.devopspy.model.DevOpspyProfileGroup.hashCode(DevOpspyProfileGroup.java)
	at org.devopspy.model.DevOpspyProfile.hashCode(DevOpspyProfile.java)
	at java.util.AbstractSet.hashCode(AbstractSet.java:109)
	at org.devopspy.model.DevOpspyProfileGroup.hashCode(DevOpspyProfileGroup.java)
	at org.devopspy.model.DevOpspyProfile.hashCode(DevOpspyProfile.java)
	at java.util.AbstractSet.hashCode(AbstractSet.java:109)
	at org.devopspy.model.DevOpspyProfileGroup.hashCode(DevOpspyProfileGroup.java)
	at org.devopspy.model.DevOpspyProfile.hashCode(DevOpspyProfile.java)
	at java.util.AbstractSet.hashCode(AbstractSet.java:109)
	at org.devopspy.model.DevOpspyProfileGroup.hashCode(DevOpspyProfileGroup.java)
	at org.devopspy.model.DevOpspyProfile.hashCode(DevOpspyProfile.java)
	at java.util.AbstractSet.hashCode(AbstractSet.java:109)
	at org.devopspy.model.DevOpspyProfileGroup.hashCode(DevOpspyProfileGroup.java)
	at org.devopspy.model.DevOpspyProfile.hashCode(DevOpspyProfile.java)
	at java.util.AbstractSet.hashCode(AbstractSet.java:109)
	at org.devopspy.model.DevOpspyProfileGroup.hashCode(DevOpspyProfileGroup.java)
	at org.devopspy.model.DevOpspyProfile.hashCode(DevOpspyProfile.java)
	at java.util.AbstractSet.hashCode(AbstractSet.java:109)
	at org.devopspy.model.DevOpspyProfileGroup.hashCode(DevOpspyProfileGroup.java)
	at org.devopspy.model.DevOpspyProfile.hashCode(DevOpspyProfile.java)
	at java.util.AbstractSet.hashCode(AbstractSet.java:109)
	at org.devopspy.model.DevOpspyProfileGroup.hashCode(DevOpspyProfileGroup.java)
	at org.devopspy.model.DevOpspyProfile.hashCode(DevOpspyProfile.java)
	at java.util.AbstractSet.hashCode(AbstractSet.java:109)
	at org.devopspy.model.DevOpspyProfileGroup.hashCode(DevOpspyProfileGroup.java)
	at org.devopspy.model.DevOpspyProfile.hashCode(DevOpspyProfile.java)
	at java.util.AbstractSet.hashCode(AbstractSet.java:109)
	at org.devopspy.model.DevOpspyProfileGroup.hashCode(DevOpspyProfileGroup.java)
	at org.devopspy.model.DevOpspyProfile.hashCode(DevOpspyProfile.java)
	at java.util.AbstractSet.hashCode(AbstractSet.java:109)
	at org.devopspy.model.DevOpspyProfileGroup.hashCode(DevOpspyProfileGroup.java)
	at org.devopspy.model.DevOpspyProfile.hashCode(DevOpspyProfile.java)
	at java.util.AbstractSet.hashCode(AbstractSet.java:109)
	at org.devopspy.model.DevOpspyProfileGroup.hashCode(DevOpspyProfileGroup.java)
	at org.devopspy.model.DevOpspyProfile.hashCode(DevOpspyProfile.java)
	at java.util.AbstractSet.hashCode(AbstractSet.java:109)
	at org.devopspy.model.DevOpspyProfileGroup.hashCode(DevOpspyProfileGroup.java)
	at org.devopspy.model.DevOpspyProfile.hashCode(DevOpspyProfile.java)
	at java.util.AbstractSet.hashCode(AbstractSet.java:109)
	at org.devopspy.model.DevOpspyProfileGroup.hashCode(DevOpspyProfileGroup.java)
	at org.devopspy.model.DevOpspyProfile.hashCode(DevOpspyProfile.java)
	at java.util.AbstractSet.hashCode(AbstractSet.java:109)
	at org.devopspy.model.DevOpspyProfileGroup.hashCode(DevOpspyProfileGroup.java)
	at org.devopspy.model.DevOpspyProfile.hashCode(DevOpspyProfile.java)
	at java.util.AbstractSet.hashCode(AbstractSet.java:109)
	at org.devopspy.model.DevOpspyProfileGroup.hashCode(DevOpspyProfileGroup.java)
	at org.devopspy.model.DevOpspyProfile.hashCode(DevOpspyProfile.java)
	at java.util.AbstractSet.hashCode(AbstractSet.java:109)
	at org.devopspy.model.DevOpspyProfileGroup.hashCode(DevOpspyProfileGroup.java)
	at org.devopspy.model.DevOpspyProfile.hashCode(DevOpspyProfile.java)
	at java.util.AbstractSet.hashCode(AbstractSet.java:109)
	at org.devopspy.model.DevOpspyProfileGroup.hashCode(DevOpspyProfileGroup.java)
	at org.devopspy.model.DevOpspyProfile.hashCode(DevOpspyProfile.java)
	at java.util.AbstractSet.hashCode(AbstractSet.java:109)
	at org.devopspy.model.DevOpspyProfileGroup.hashCode(DevOpspyProfileGroup.java)
	at org.devopspy.model.DevOpspyProfile.hashCode(DevOpspyProfile.java)
	at java.util.AbstractSet.hashCode(AbstractSet.java:109)
	at org.devopspy.model.DevOpspyProfileGroup.hashCode(DevOpspyProfileGroup.java)
	at org.devopspy.model.DevOpspyProfile.hashCode(DevOpspyProfile.java)
	at java.util.AbstractSet.hashCode(AbstractSet.java:109)
	at org.devopspy.model.DevOpspyProfileGroup.hashCode(DevOpspyProfileGroup.java)
	at org.devopspy.model.DevOpspyProfile.hashCode(DevOpspyProfile.java)
	at java.util.AbstractSet.hashCode(AbstractSet.java:109)
	at org.devopspy.model.DevOpspyProfileGroup.hashCode(DevOpspyProfileGroup.java)
	at org.devopspy.model.DevOpspyProfile.hashCode(DevOpspyProfile.java)
	at java.util.AbstractSet.hashCode(AbstractSet.java:109)
	at org.devopspy.model.DevOpspyProfileGroup.hashCode(DevOpspyProfileGroup.java)
	at org.devopspy.model.DevOpspyProfile.hashCode(DevOpspyProfile.java)
	at java.util.AbstractSet.hashCode(AbstractSet.java:109)
	at org.devopspy.model.DevOpspyProfileGroup.hashCode(DevOpspyProfileGroup.java)
	at org.devopspy.model.DevOpspyProfile.hashCode(DevOpspyProfile.java)
	at java.util.AbstractSet.hashCode(AbstractSet.java:109)
	at org.devopspy.model.DevOpspyProfileGroup.hashCode(DevOpspyProfileGroup.java)
	at org.devopspy.model.DevOpspyProfile.hashCode(DevOpspyProfile.java)
	at java.util.AbstractSet.hashCode(AbstractSet.java:109)
	at org.devopspy.model.DevOpspyProfileGroup.hashCode(DevOpspyProfileGroup.java)
	at org.devopspy.model.DevOpspyProfile.hashCode(DevOpspyProfile.java)
	at java.util.AbstractSet.hashCode(AbstractSet.java:109)
	at org.devopspy.model.DevOpspyProfileGroup.hashCode(DevOpspyProfileGroup.java)
	at org.devopspy.model.DevOpspyProfile.hashCode(DevOpspyProfile.java)
	at java.util.AbstractSet.hashCode(AbstractSet.java:109)
	at org.devopspy.model.DevOpspyProfileGroup.hashCode(DevOpspyProfileGroup.java)
	at org.devopspy.model.DevOpspyProfile.hashCode(DevOpspyProfile.java)
	at java.util.AbstractSet.hashCode(AbstractSet.java:109)
	at org.devopspy.model.DevOpspyProfileGroup.hashCode(DevOpspyProfileGroup.java)
	at org.devopspy.model.DevOpspyProfile.hashCode(DevOpspyProfile.java)
	at java.util.AbstractSet.hashCode(AbstractSet.java:109)
	at org.devopspy.model.DevOpspyProfileGroup.hashCode(DevOpspyProfileGroup.java)
	at org.devopspy.model.DevOpspyProfile.hashCode(DevOpspyProfile.java)
	at java.util.AbstractSet.hashCode(AbstractSet.java:109)
	at org.devopspy.model.DevOpspyProfileGroup.hashCode(DevOpspyProfileGroup.java)
	at org.devopspy.model.DevOpspyProfile.hashCode(DevOpspyProfile.java)
	at java.util.AbstractSet.hashCode(AbstractSet.java:109)
	at org.devopspy.model.DevOpspyProfileGroup.hashCode(DevOpspyProfileGroup.java)
	at org.devopspy.model.DevOpspyProfile.hashCode(DevOpspyProfile.java)
	at java.util.AbstractSet.hashCode(AbstractSet.java:109)
	at org.devopspy.model.DevOpspyProfileGroup.hashCode(DevOpspyProfileGroup.java)
	at org.devopspy.model.DevOpspyProfile.hashCode(DevOpspyProfile.java)
	at java.util.AbstractSet.hashCode(AbstractSet.java:109)
	at org.devopspy.model.DevOpspyProfileGroup.hashCode(DevOpspyProfileGroup.java)
	at org.devopspy.model.DevOpspyProfile.hashCode(DevOpspyProfile.java)
	at java.util.AbstractSet.hashCode(AbstractSet.java:109)
	at org.devopspy.model.DevOpspyProfileGroup.hashCode(DevOpspyProfileGroup.java)
	at org.devopspy.model.DevOpspyProfile.hashCode(DevOpspyProfile.java)
	at java.util.AbstractSet.hashCode(AbstractSet.java:109)
	at org.devopspy.model.DevOpspyProfileGroup.hashCode(DevOpspyProfileGroup.java)
	at org.devopspy.model.DevOpspyProfile.hashCode(DevOpspyProfile.java)
	at java.util.AbstractSet.hashCode(AbstractSet.java:109)
	at org.devopspy.model.DevOpspyProfileGroup.hashCode(DevOpspyProfileGroup.java)
	at org.devopspy.model.DevOpspyProfile.hashCode(DevOpspyProfile.java)
	at java.util.AbstractSet.hashCode(AbstractSet.java:109)
	at org.devopspy.model.DevOpspyProfileGroup.hashCode(DevOpspyProfileGroup.java)
	at org.devopspy.model.DevOpspyProfile.hashCode(DevOpspyProfile.java)
	at java.util.AbstractSet.hashCode(AbstractSet.java:109)
	at org.devopspy.model.DevOpspyProfileGroup.hashCode(DevOpspyProfileGroup.java)
	at org.devopspy.model.DevOpspyProfile.hashCode(DevOpspyProfile.java)
	at java.util.AbstractSet.hashCode(AbstractSet.java:109)
	at org.devopspy.model.DevOpspyProfileGroup.hashCode(DevOpspyProfileGroup.java)
	at org.devopspy.model.DevOpspyProfile.hashCode(DevOpspyProfile.java)
	at java.util.AbstractSet.hashCode(AbstractSet.java:109)
	at org.devopspy.model.DevOpspyProfileGroup.hashCode(DevOpspyProfileGroup.java)
	at org.devopspy.model.DevOpspyProfile.hashCode(DevOpspyProfile.java)
	at java.util.AbstractSet.hashCode(AbstractSet.java:109)
	at org.devopspy.model.DevOpspyProfileGroup.hashCode(DevOpspyProfileGroup.java)
	at org.devopspy.model.DevOpspyProfile.hashCode(DevOpspyProfile.java)
	at java.util.AbstractSet.hashCode(AbstractSet.java:109)
	at org.devopspy.model.DevOpspyProfileGroup.hashCode(DevOpspyProfileGroup.java)
	at org.devopspy.model.DevOpspyProfile.hashCode(DevOpspyProfile.java)
	at java.util.AbstractSet.hashCode(AbstractSet.java:109)
	at org.devopspy.model.DevOpspyProfileGroup.hashCode(DevOpspyProfileGroup.java)
	at org.devopspy.model.DevOpspyProfile.hashCode(DevOpspyProfile.java)
	at java.util.AbstractSet.hashCode(AbstractSet.java:109)
	at org.devopspy.model.DevOpspyProfileGroup.hashCode(DevOpspyProfileGroup.java)
	at org.devopspy.model.DevOpspyProfile.hashCode(DevOpspyProfile.java)
	at java.util.AbstractSet.hashCode(AbstractSet.java:109)
	at org.devopspy.model.DevOpspyProfileGroup.hashCode(DevOpspyProfileGroup.java)
	at org.devopspy.model.DevOpspyProfile.hashCode(DevOpspyProfile.java)
	at java.util.AbstractSet.hashCode(AbstractSet.java:109)
	at org.devopspy.model.DevOpspyProfileGroup.hashCode(DevOpspyProfileGroup.java)
	at org.devopspy.model.DevOpspyProfile.hashCode(DevOpspyProfile.java)
	at java.util.AbstractSet.hashCode(AbstractSet.java:109)
	at org.devopspy.model.DevOpspyProfileGroup.hashCode(DevOpspyProfileGroup.java)
	at org.devopspy.model.DevOpspyProfile.hashCode(DevOpspyProfile.java)
	at java.util.AbstractSet.hashCode(AbstractSet.java:109)
	at org.devopspy.model.DevOpspyProfileGroup.hashCode(DevOpspyProfileGroup.java)
	at org.devopspy.model.DevOpspyProfile.hashCode(DevOpspyProfile.java)
	at java.util.AbstractSet.hashCode(AbstractSet.java:109)
	at org.devopspy.model.DevOpspyProfileGroup.hashCode(DevOpspyProfileGroup.java)
	at org.devopspy.model.DevOpspyProfile.hashCode(DevOpspyProfile.java)
	at java.util.AbstractSet.hashCode(AbstractSet.java:109)
	at org.devopspy.model.DevOpspyProfileGroup.hashCode(DevOpspyProfileGroup.java)
	at org.devopspy.model.DevOpspyProfile.hashCode(DevOpspyProfile.java)
	at java.util.AbstractSet.hashCode(AbstractSet.java:109)
	at org.devopspy.model.DevOpspyProfileGroup.hashCode(DevOpspyProfileGroup.java)
	at org.devopspy.model.DevOpspyProfile.hashCode(DevOpspyProfile.java)
	at java.util.AbstractSet.hashCode(AbstractSet.java:109)
	at org.devopspy.model.DevOpspyProfileGroup.hashCode(DevOpspyProfileGroup.java)
	at org.devopspy.model.DevOpspyProfile.hashCode(DevOpspyProfile.java)
	at java.util.AbstractSet.hashCode(AbstractSet.java:109)
	at org.devopspy.model.DevOpspyProfileGroup.hashCode(DevOpspyProfileGroup.java)
	at org.devopspy.model.DevOpspyProfile.hashCode(DevOpspyProfile.java)
	at java.util.AbstractSet.hashCode(AbstractSet.java:109)
	at org.devopspy.model.DevOpspyProfileGroup.hashCode(DevOpspyProfileGroup.java)
	at org.devopspy.model.DevOpspyProfile.hashCode(DevOpspyProfile.java)
	at java.util.AbstractSet.hashCode(AbstractSet.java:109)
	at org.devopspy.model.DevOpspyProfileGroup.hashCode(DevOpspyProfileGroup.java)
	at org.devopspy.model.DevOpspyProfile.hashCode(DevOpspyProfile.java)
	at java.util.AbstractSet.hashCode(AbstractSet.java:109)
	at org.devopspy.model.DevOpspyProfileGroup.hashCode(DevOpspyProfileGroup.java)
	at org.devopspy.model.DevOpspyProfile.hashCode(DevOpspyProfile.java)
	at java.util.AbstractSet.hashCode(AbstractSet.java:109)
	at org.devopspy.model.DevOpspyProfileGroup.hashCode(DevOpspyProfileGroup.java)
	at org.devopspy.model.DevOpspyProfile.hashCode(DevOpspyProfile.java)
	at java.util.AbstractSet.hashCode(AbstractSet.java:109)
	at org.devopspy.model.DevOpspyProfileGroup.hashCode(DevOpspyProfileGroup.java)
	at org.devopspy.model.DevOpspyProfile.hashCode(DevOpspyProfile.java)
	at java.util.AbstractSet.hashCode(AbstractSet.java:109)
	at org.devopspy.model.DevOpspyProfileGroup.hashCode(DevOpspyProfileGroup.java)
	at org.devopspy.model.DevOpspyProfile.hashCode(DevOpspyProfile.java)
	at java.util.AbstractSet.hashCode(AbstractSet.java:109)
	at org.devopspy.model.DevOpspyProfileGroup.hashCode(DevOpspyProfileGroup.java)
	at org.devopspy.model.DevOpspyProfile.hashCode(DevOpspyProfile.java)
	at java.util.AbstractSet.hashCode(AbstractSet.java:109)
	at org.devopspy.model.DevOpspyProfileGroup.hashCode(DevOpspyProfileGroup.java)
	at org.devopspy.model.DevOpspyProfile.hashCode(DevOpspyProfile.java)
	at java.util.AbstractSet.hashCode(AbstractSet.java:109)
	at org.devopspy.model.DevOpspyProfileGroup.hashCode(DevOpspyProfileGroup.java)
	at org.devopspy.model.DevOpspyProfile.hashCode(DevOpspyProfile.java)
	at java.util.AbstractSet.hashCode(AbstractSet.java:109)
	at org.devopspy.model.DevOpspyProfileGroup.hashCode(DevOpspyProfileGroup.java)
	at org.devopspy.model.DevOpspyProfile.hashCode(DevOpspyProfile.java)
	at java.util.AbstractSet.hashCode(AbstractSet.java:109)
	at org.devopspy.model.DevOpspyProfileGroup.hashCode(DevOpspyProfileGroup.java)
	at org.devopspy.model.DevOpspyProfile.hashCode(DevOpspyProfile.java)
	at java.util.AbstractSet.hashCode(AbstractSet.java:109)
	at org.devopspy.model.DevOpspyProfileGroup.hashCode(DevOpspyProfileGroup.java)
	at org.devopspy.model.DevOpspyProfile.hashCode(DevOpspyProfile.java)
	at java.util.AbstractSet.hashCode(AbstractSet.java:109)
	at org.devopspy.model.DevOpspyProfileGroup.hashCode(DevOpspyProfileGroup.java)
	at org.devopspy.model.DevOpspyProfile.hashCode(DevOpspyProfile.java)
	at java.util.AbstractSet.hashCode(AbstractSet.java:109)
	at org.devopspy.model.DevOpspyProfileGroup.hashCode(DevOpspyProfileGroup.java)
	at org.devopspy.model.DevOpspyProfile.hashCode(DevOpspyProfile.java)
	at java.util.AbstractSet.hashCode(AbstractSet.java:109)
	at org.devopspy.model.DevOpspyProfileGroup.hashCode(DevOpspyProfileGroup.java)
	at org.devopspy.model.DevOpspyProfile.hashCode(DevOpspyProfile.java)
	at java.util.AbstractSet.hashCode(AbstractSet.java:109)
	at org.devopspy.model.DevOpspyProfileGroup.hashCode(DevOpspyProfileGroup.java)
	at org.devopspy.model.DevOpspyProfile.hashCode(DevOpspyProfile.java)
	at java.util.AbstractSet.hashCode(AbstractSet.java:109)
	at org.devopspy.model.DevOpspyProfileGroup.hashCode(DevOpspyProfileGroup.java)
	at org.devopspy.model.DevOpspyProfile.hashCode(DevOpspyProfile.java)
	at java.util.AbstractSet.hashCode(AbstractSet.java:109)
	at org.devopspy.model.DevOpspyProfileGroup.hashCode(DevOpspyProfileGroup.java)
	at org.devopspy.model.DevOpspyProfile.hashCode(DevOpspyProfile.java)
	at java.util.AbstractSet.hashCode(AbstractSet.java:109)
	at org.devopspy.model.DevOpspyProfileGroup.hashCode(DevOpspyProfileGroup.java)
	at org.devopspy.model.DevOpspyProfile.hashCode(DevOpspyProfile.java)
	at java.util.AbstractSet.hashCode(AbstractSet.java:109)
	at org.devopspy.model.DevOpspyProfileGroup.hashCode(DevOpspyProfileGroup.java)
	at org.devopspy.model.DevOpspyProfile.hashCode(DevOpspyProfile.java)
	at java.util.AbstractSet.hashCode(AbstractSet.java:109)
	at org.devopspy.model.DevOpspyProfileGroup.hashCode(DevOpspyProfileGroup.java)
	at org.devopspy.model.DevOpspyProfile.hashCode(DevOpspyProfile.java)
	at java.util.AbstractSet.hashCode(AbstractSet.java:109)
	at org.devopspy.model.DevOpspyProfileGroup.hashCode(DevOpspyProfileGroup.java)
	at org.devopspy.model.DevOpspyProfile.hashCode(DevOpspyProfile.java)
	at java.util.AbstractSet.hashCode(AbstractSet.java:109)
	at org.devopspy.model.DevOpspyProfileGroup.hashCode(DevOpspyProfileGroup.java)
	at org.devopspy.model.DevOpspyProfile.hashCode(DevOpspyProfile.java)
	at java.util.AbstractSet.hashCode(AbstractSet.java:109)
	at org.devopspy.model.DevOpspyProfileGroup.hashCode(DevOpspyProfileGroup.java)
	at org.devopspy.model.DevOpspyProfile.hashCode(DevOpspyProfile.java)
	at java.util.AbstractSet.hashCode(AbstractSet.java:109)
	at org.devopspy.model.DevOpspyProfileGroup.hashCode(DevOpspyProfileGroup.java)
	at org.devopspy.model.DevOpspyProfile.hashCode(DevOpspyProfile.java)
	at java.util.AbstractSet.hashCode(AbstractSet.java:109)
]]>
    </failure>
  </testcase> <!-- testAffectTask -->
</testsuite> <!-- org.devopspy.service.TaskServiceIntegrationTest -->
